{"/Users/adrien/Desktop/foodles-coding-test/src/utils/countOccurences.ts": {"path":"/Users/adrien/Desktop/foodles-coding-test/src/utils/countOccurences.ts","all":false,"statementMap":{"0":{"start":{"line":1,"column":0},"end":{"line":1,"column":38}},"1":{"start":{"line":2,"column":0},"end":{"line":2,"column":0}},"2":{"start":{"line":3,"column":0},"end":{"line":3,"column":3}},"3":{"start":{"line":4,"column":0},"end":{"line":4,"column":103}},"4":{"start":{"line":5,"column":0},"end":{"line":5,"column":77}},"5":{"start":{"line":6,"column":0},"end":{"line":6,"column":68}},"6":{"start":{"line":7,"column":0},"end":{"line":7,"column":113}},"7":{"start":{"line":8,"column":0},"end":{"line":8,"column":3}},"8":{"start":{"line":9,"column":0},"end":{"line":9,"column":78}},"9":{"start":{"line":10,"column":0},"end":{"line":10,"column":58}},"10":{"start":{"line":11,"column":0},"end":{"line":11,"column":24}},"11":{"start":{"line":12,"column":0},"end":{"line":12,"column":0}},"12":{"start":{"line":13,"column":0},"end":{"line":13,"column":57}},"13":{"start":{"line":14,"column":0},"end":{"line":14,"column":46}},"14":{"start":{"line":15,"column":0},"end":{"line":15,"column":0}},"15":{"start":{"line":16,"column":0},"end":{"line":16,"column":33}},"16":{"start":{"line":17,"column":0},"end":{"line":17,"column":0}},"17":{"start":{"line":18,"column":0},"end":{"line":18,"column":83}},"18":{"start":{"line":19,"column":0},"end":{"line":19,"column":72}},"19":{"start":{"line":20,"column":0},"end":{"line":20,"column":68}},"20":{"start":{"line":21,"column":0},"end":{"line":21,"column":74}},"21":{"start":{"line":22,"column":0},"end":{"line":22,"column":5}},"22":{"start":{"line":23,"column":0},"end":{"line":23,"column":37}},"23":{"start":{"line":24,"column":0},"end":{"line":24,"column":64}},"24":{"start":{"line":25,"column":0},"end":{"line":25,"column":38}},"25":{"start":{"line":26,"column":0},"end":{"line":26,"column":7}},"26":{"start":{"line":27,"column":0},"end":{"line":27,"column":0}},"27":{"start":{"line":28,"column":0},"end":{"line":28,"column":28}},"28":{"start":{"line":29,"column":0},"end":{"line":29,"column":32}},"29":{"start":{"line":30,"column":0},"end":{"line":30,"column":12}},"30":{"start":{"line":31,"column":0},"end":{"line":31,"column":24}},"31":{"start":{"line":32,"column":0},"end":{"line":32,"column":13}},"32":{"start":{"line":33,"column":0},"end":{"line":33,"column":17}},"33":{"start":{"line":34,"column":0},"end":{"line":34,"column":9}},"34":{"start":{"line":35,"column":0},"end":{"line":35,"column":5}},"35":{"start":{"line":36,"column":0},"end":{"line":36,"column":5}},"36":{"start":{"line":37,"column":0},"end":{"line":37,"column":0}},"37":{"start":{"line":38,"column":0},"end":{"line":38,"column":60}},"38":{"start":{"line":39,"column":0},"end":{"line":39,"column":30}},"39":{"start":{"line":40,"column":0},"end":{"line":40,"column":29}},"40":{"start":{"line":41,"column":0},"end":{"line":41,"column":5}},"41":{"start":{"line":42,"column":0},"end":{"line":42,"column":0}},"42":{"start":{"line":43,"column":0},"end":{"line":43,"column":78}},"43":{"start":{"line":44,"column":0},"end":{"line":44,"column":82}},"44":{"start":{"line":45,"column":0},"end":{"line":45,"column":62}},"45":{"start":{"line":46,"column":0},"end":{"line":46,"column":88}},"46":{"start":{"line":47,"column":0},"end":{"line":47,"column":5}},"47":{"start":{"line":48,"column":0},"end":{"line":48,"column":31}},"48":{"start":{"line":49,"column":0},"end":{"line":49,"column":26}},"49":{"start":{"line":50,"column":0},"end":{"line":50,"column":3}},"50":{"start":{"line":51,"column":0},"end":{"line":51,"column":0}},"51":{"start":{"line":52,"column":0},"end":{"line":52,"column":21}},"52":{"start":{"line":53,"column":0},"end":{"line":53,"column":1}}},"s":{"0":1,"1":1,"2":1,"3":1,"4":1,"5":1,"6":1,"7":1,"8":1,"9":5,"10":5,"11":2,"12":2,"13":2,"14":2,"15":2,"16":2,"17":2,"18":2,"19":2,"20":2,"21":2,"22":2,"23":11,"24":19,"25":11,"26":11,"27":11,"28":4,"29":11,"30":7,"31":7,"32":7,"33":7,"34":7,"35":2,"36":2,"37":2,"38":2,"39":5,"40":2,"41":2,"42":2,"43":2,"44":2,"45":2,"46":2,"47":5,"48":0,"49":0,"50":2,"51":2,"52":2},"branchMap":{"0":{"type":"branch","line":9,"loc":{"start":{"line":9,"column":77},"end":{"line":53,"column":1}},"locations":[{"start":{"line":9,"column":77},"end":{"line":53,"column":1}}]},"1":{"type":"branch","line":11,"loc":{"start":{"line":11,"column":14},"end":{"line":11,"column":24}},"locations":[{"start":{"line":11,"column":14},"end":{"line":11,"column":24}}]},"2":{"type":"branch","line":11,"loc":{"start":{"line":11,"column":22},"end":{"line":48,"column":30}},"locations":[{"start":{"line":11,"column":22},"end":{"line":48,"column":30}}]},"3":{"type":"branch","line":48,"loc":{"start":{"line":48,"column":30},"end":{"line":50,"column":3}},"locations":[{"start":{"line":48,"column":30},"end":{"line":50,"column":3}}]},"4":{"type":"branch","line":50,"loc":{"start":{"line":50,"column":2},"end":{"line":53,"column":1}},"locations":[{"start":{"line":50,"column":2},"end":{"line":53,"column":1}}]},"5":{"type":"branch","line":23,"loc":{"start":{"line":23,"column":26},"end":{"line":36,"column":3}},"locations":[{"start":{"line":23,"column":26},"end":{"line":36,"column":3}}]},"6":{"type":"branch","line":28,"loc":{"start":{"line":28,"column":27},"end":{"line":30,"column":11}},"locations":[{"start":{"line":28,"column":27},"end":{"line":30,"column":11}}]},"7":{"type":"branch","line":30,"loc":{"start":{"line":30,"column":4},"end":{"line":35,"column":5}},"locations":[{"start":{"line":30,"column":4},"end":{"line":35,"column":5}}]},"8":{"type":"branch","line":24,"loc":{"start":{"line":24,"column":47},"end":{"line":26,"column":5}},"locations":[{"start":{"line":24,"column":47},"end":{"line":26,"column":5}}]},"9":{"type":"branch","line":39,"loc":{"start":{"line":39,"column":19},"end":{"line":41,"column":3}},"locations":[{"start":{"line":39,"column":19},"end":{"line":41,"column":3}}]}},"b":{"0":[5],"1":[3],"2":[2],"3":[0],"4":[2],"5":[11],"6":[4],"7":[7],"8":[19],"9":[5]},"fnMap":{"0":{"name":"countOccurences","decl":{"start":{"line":9,"column":77},"end":{"line":53,"column":1}},"loc":{"start":{"line":9,"column":77},"end":{"line":53,"column":1}},"line":9}},"f":{"0":5}}
}
